mode: set
github.com/edpryk/buter/cli/info.go:9.18,15.2 5 0
github.com/edpryk/buter/cli/payload_files.go:5.49,8.2 2 0
github.com/edpryk/buter/cli/payload_files.go:10.41,12.24 2 0
github.com/edpryk/buter/cli/payload_files.go:15.2,15.10 1 0
github.com/edpryk/buter/cli/payload_files.go:12.24,14.3 1 0
github.com/edpryk/buter/cli/print_config_template.go:8.28,28.33 2 0
github.com/edpryk/buter/cli/print_config_template.go:32.2,36.16 4 0
github.com/edpryk/buter/cli/print_config_template.go:40.2,40.24 1 0
github.com/edpryk/buter/cli/print_config_template.go:28.33,30.3 1 0
github.com/edpryk/buter/cli/print_config_template.go:36.16,37.13 1 0
github.com/edpryk/buter/cli/filters.go:16.47,17.61 1 1
github.com/edpryk/buter/cli/filters.go:22.2,23.9 2 1
github.com/edpryk/buter/cli/filters.go:27.2,27.50 1 1
github.com/edpryk/buter/cli/filters.go:17.61,20.3 2 0
github.com/edpryk/buter/cli/filters.go:23.9,25.3 1 1
github.com/edpryk/buter/cli/filters.go:30.43,33.2 2 1
github.com/edpryk/buter/cli/filters.go:35.35,37.16 2 1
github.com/edpryk/buter/cli/filters.go:41.2,41.18 1 1
github.com/edpryk/buter/cli/filters.go:37.16,38.13 1 0
github.com/edpryk/buter/cli/filters.go:44.36,46.2 1 1
github.com/edpryk/buter/cli/filters.go:48.36,50.2 1 1
github.com/edpryk/buter/cli/filters.go:55.35,59.27 3 1
github.com/edpryk/buter/cli/filters.go:67.2,67.10 1 1
github.com/edpryk/buter/cli/filters.go:59.27,61.17 2 1
github.com/edpryk/buter/cli/filters.go:64.3,64.30 1 1
github.com/edpryk/buter/cli/filters.go:61.17,62.14 1 0
github.com/edpryk/buter/cli/headers.go:11.47,13.2 1 1
github.com/edpryk/buter/cli/headers.go:15.43,36.2 5 1
github.com/edpryk/buter/cli/headers.go:38.34,40.16 2 0
github.com/edpryk/buter/cli/headers.go:44.2,44.22 1 0
github.com/edpryk/buter/cli/headers.go:40.16,42.3 1 0
github.com/edpryk/buter/cli/laod_from_config.go:8.60,12.16 3 0
github.com/edpryk/buter/cli/laod_from_config.go:16.2,21.16 4 0
github.com/edpryk/buter/cli/laod_from_config.go:25.2,27.15 2 0
github.com/edpryk/buter/cli/laod_from_config.go:12.16,14.3 1 0
github.com/edpryk/buter/cli/laod_from_config.go:21.16,23.3 1 0
github.com/edpryk/buter/cli/stop.go:15.47,16.62 1 1
github.com/edpryk/buter/cli/stop.go:21.2,22.9 2 1
github.com/edpryk/buter/cli/stop.go:26.2,26.50 1 1
github.com/edpryk/buter/cli/stop.go:16.62,19.3 2 0
github.com/edpryk/buter/cli/stop.go:22.9,24.3 1 1
github.com/edpryk/buter/cli/stop.go:29.43,35.2 5 1
github.com/edpryk/buter/cli/stop.go:37.35,39.16 2 0
github.com/edpryk/buter/cli/stop.go:43.2,43.18 1 0
github.com/edpryk/buter/cli/stop.go:39.16,40.13 1 0
github.com/edpryk/buter/cli/stop.go:46.36,48.2 1 1
github.com/edpryk/buter/cli/validate.go:16.42,17.25 1 0
github.com/edpryk/buter/cli/validate.go:21.2,21.25 1 0
github.com/edpryk/buter/cli/validate.go:24.2,24.64 1 0
github.com/edpryk/buter/cli/validate.go:27.2,27.18 1 0
github.com/edpryk/buter/cli/validate.go:30.2,30.61 1 0
github.com/edpryk/buter/cli/validate.go:33.2,33.53 1 0
github.com/edpryk/buter/cli/validate.go:36.2,36.38 1 0
github.com/edpryk/buter/cli/validate.go:39.2,39.60 1 0
github.com/edpryk/buter/cli/validate.go:43.2,43.12 1 0
github.com/edpryk/buter/cli/validate.go:17.25,19.3 1 0
github.com/edpryk/buter/cli/validate.go:21.25,23.3 1 0
github.com/edpryk/buter/cli/validate.go:24.64,26.3 1 0
github.com/edpryk/buter/cli/validate.go:27.18,29.3 1 0
github.com/edpryk/buter/cli/validate.go:30.61,32.3 1 0
github.com/edpryk/buter/cli/validate.go:33.53,35.3 1 0
github.com/edpryk/buter/cli/validate.go:36.38,38.3 1 0
github.com/edpryk/buter/cli/validate.go:39.60,41.3 1 0
github.com/edpryk/buter/cli/parse_flags.go:40.32,76.31 21 0
github.com/edpryk/buter/cli/parse_flags.go:81.2,81.46 1 0
github.com/edpryk/buter/cli/parse_flags.go:87.2,87.29 1 0
github.com/edpryk/buter/cli/parse_flags.go:98.2,98.20 1 0
github.com/edpryk/buter/cli/parse_flags.go:76.31,79.3 2 0
github.com/edpryk/buter/cli/parse_flags.go:81.46,85.3 3 0
github.com/edpryk/buter/cli/parse_flags.go:87.29,89.17 2 0
github.com/edpryk/buter/cli/parse_flags.go:93.3,93.24 1 0
github.com/edpryk/buter/cli/parse_flags.go:89.17,90.14 1 0
github.com/edpryk/buter/cli/parse_flags.go:94.8,96.3 1 0
github.com/edpryk/buter/cli/pring_config.go:5.37,6.29 1 0
github.com/edpryk/buter/cli/pring_config.go:13.2,13.26 1 0
github.com/edpryk/buter/cli/pring_config.go:6.29,8.42 2 0
github.com/edpryk/buter/cli/pring_config.go:8.42,10.4 1 0
github.com/edpryk/buter/cli/pring_config.go:13.26,17.3 3 0
github.com/edpryk/buter/cli/usage.go:28.19,49.2 20 0
github.com/edpryk/buter/internal/buter/builder_payload_list.go:5.82,7.2 1 1
github.com/edpryk/buter/internal/buter/builder_payload_list.go:9.104,10.50 1 1
github.com/edpryk/buter/internal/buter/builder_payload_list.go:24.2,24.8 1 1
github.com/edpryk/buter/internal/buter/builder_payload_list.go:10.50,22.3 5 1
github.com/edpryk/buter/internal/buter/factory_attacks.go:31.59,40.2 2 0
github.com/edpryk/buter/internal/buter/factory_attacks.go:42.48,43.12 1 0
github.com/edpryk/buter/internal/buter/factory_attacks.go:65.2,65.25 1 0
github.com/edpryk/buter/internal/buter/factory_attacks.go:43.12,44.16 1 0
github.com/edpryk/buter/internal/buter/factory_attacks.go:49.3,49.29 1 0
github.com/edpryk/buter/internal/buter/factory_attacks.go:44.16,47.4 2 0
github.com/edpryk/buter/internal/buter/factory_attacks.go:50.26,52.10 2 0
github.com/edpryk/buter/internal/buter/factory_attacks.go:53.25,55.10 2 0
github.com/edpryk/buter/internal/buter/factory_attacks.go:56.22,58.10 2 0
github.com/edpryk/buter/internal/buter/factory_attacks.go:59.11,61.14 2 0
github.com/edpryk/buter/internal/buter/factory_attacks.go:68.118,78.2 4 0
github.com/edpryk/buter/internal/buter/factory_attacks.go:80.51,81.47 1 0
github.com/edpryk/buter/internal/buter/factory_attacks.go:86.2,86.25 1 0
github.com/edpryk/buter/internal/buter/factory_attacks.go:81.47,84.3 1 0
github.com/edpryk/buter/internal/buter/factory_attacks.go:89.46,95.2 1 0
github.com/edpryk/buter/internal/buter/factory_attacks.go:97.47,102.88 1 0
github.com/edpryk/buter/internal/buter/factory_attacks.go:102.88,104.42 1 0
github.com/edpryk/buter/internal/buter/factory_attacks.go:104.42,124.4 6 0
github.com/edpryk/buter/internal/buter/factory_attacks.go:124.9,137.39 3 0
github.com/edpryk/buter/internal/buter/factory_attacks.go:153.4,160.66 3 0
github.com/edpryk/buter/internal/buter/factory_attacks.go:167.4,188.26 5 0
github.com/edpryk/buter/internal/buter/factory_attacks.go:200.4,202.55 3 0
github.com/edpryk/buter/internal/buter/factory_attacks.go:137.39,151.5 3 0
github.com/edpryk/buter/internal/buter/factory_attacks.go:160.66,165.5 4 0
github.com/edpryk/buter/internal/buter/factory_attacks.go:188.26,191.5 2 0
github.com/edpryk/buter/internal/buter/factory_payload.go:46.65,47.12 1 0
github.com/edpryk/buter/internal/buter/factory_payload.go:47.12,54.17 3 0
github.com/edpryk/buter/internal/buter/factory_payload.go:58.3,68.10 2 0
github.com/edpryk/buter/internal/buter/factory_payload.go:54.17,57.4 2 0
github.com/edpryk/buter/internal/buter/factory_payload.go:69.33,70.10 1 0
github.com/edpryk/buter/internal/buter/factory_payload.go:71.29,73.10 2 0
github.com/edpryk/buter/internal/buter/factory_payload.go:78.48,79.29 1 0
github.com/edpryk/buter/internal/buter/factory_payload.go:83.2,88.16 2 0
github.com/edpryk/buter/internal/buter/factory_payload.go:79.29,81.3 1 0
github.com/edpryk/buter/internal/buter/transformer_payload.go:39.133,47.39 6 0
github.com/edpryk/buter/internal/buter/transformer_payload.go:60.2,61.43 2 0
github.com/edpryk/buter/internal/buter/transformer_payload.go:85.2,85.38 1 0
github.com/edpryk/buter/internal/buter/transformer_payload.go:47.39,48.39 1 0
github.com/edpryk/buter/internal/buter/transformer_payload.go:52.3,52.39 1 0
github.com/edpryk/buter/internal/buter/transformer_payload.go:57.3,57.9 1 0
github.com/edpryk/buter/internal/buter/transformer_payload.go:48.39,51.4 2 0
github.com/edpryk/buter/internal/buter/transformer_payload.go:52.39,55.4 2 0
github.com/edpryk/buter/internal/buter/transformer_payload.go:61.43,73.58 4 0
github.com/edpryk/buter/internal/buter/transformer_payload.go:78.3,78.23 1 0
github.com/edpryk/buter/internal/buter/transformer_payload.go:73.58,76.4 2 0
github.com/edpryk/buter/internal/buter/transformer_payload.go:78.23,81.12 3 0
github.com/edpryk/buter/internal/buter/transformer_payload.go:88.108,90.16 2 0
github.com/edpryk/buter/internal/buter/transformer_payload.go:96.2,97.61 2 0
github.com/edpryk/buter/internal/buter/transformer_payload.go:90.16,93.3 2 0
github.com/edpryk/buter/internal/buter/transformer_payload.go:100.85,108.26 3 0
github.com/edpryk/buter/internal/buter/transformer_payload.go:112.2,112.28 1 0
github.com/edpryk/buter/internal/buter/transformer_payload.go:116.2,116.28 1 0
github.com/edpryk/buter/internal/buter/transformer_payload.go:124.2,124.28 1 0
github.com/edpryk/buter/internal/buter/transformer_payload.go:128.2,128.25 1 0
github.com/edpryk/buter/internal/buter/transformer_payload.go:108.26,110.3 1 0
github.com/edpryk/buter/internal/buter/transformer_payload.go:112.28,114.3 1 0
github.com/edpryk/buter/internal/buter/transformer_payload.go:116.28,119.105 2 0
github.com/edpryk/buter/internal/buter/transformer_payload.go:119.105,121.4 1 0
github.com/edpryk/buter/internal/buter/transformer_payload.go:124.28,126.3 1 0
github.com/edpryk/buter/lib/convert/str_to_key_value.go:11.138,14.29 2 1
github.com/edpryk/buter/lib/convert/str_to_key_value.go:14.29,16.25 2 1
github.com/edpryk/buter/lib/convert/str_to_key_value.go:20.3,22.68 2 1
github.com/edpryk/buter/lib/convert/str_to_key_value.go:16.25,17.12 1 0
github.com/edpryk/buter/lib/convert/str_to_key_value.go:22.68,24.4 1 1
github.com/edpryk/buter/lib/convert/to_string.go:5.38,8.2 2 1
github.com/edpryk/buter/lib/stability/retry.go:16.64,18.31 2 1
github.com/edpryk/buter/lib/stability/retry.go:25.2,25.32 1 1
github.com/edpryk/buter/lib/stability/retry.go:29.2,29.20 1 1
github.com/edpryk/buter/lib/stability/retry.go:18.31,23.3 3 1
github.com/edpryk/buter/lib/stability/retry.go:25.32,27.3 1 1
