mode: set
github.com/edpryk/buter/cli/filters.go:16.47,17.61 1 1
github.com/edpryk/buter/cli/filters.go:17.61,20.3 2 0
github.com/edpryk/buter/cli/filters.go:22.2,23.9 2 1
github.com/edpryk/buter/cli/filters.go:23.9,25.3 1 1
github.com/edpryk/buter/cli/filters.go:27.2,27.50 1 1
github.com/edpryk/buter/cli/filters.go:30.43,33.2 2 1
github.com/edpryk/buter/cli/filters.go:35.35,37.16 2 1
github.com/edpryk/buter/cli/filters.go:37.16,38.13 1 0
github.com/edpryk/buter/cli/filters.go:41.2,41.18 1 1
github.com/edpryk/buter/cli/filters.go:44.36,46.2 1 1
github.com/edpryk/buter/cli/filters.go:48.36,50.2 1 1
github.com/edpryk/buter/cli/filters.go:55.35,59.27 3 1
github.com/edpryk/buter/cli/filters.go:59.27,61.17 2 1
github.com/edpryk/buter/cli/filters.go:61.17,62.14 1 0
github.com/edpryk/buter/cli/filters.go:64.3,64.30 1 1
github.com/edpryk/buter/cli/filters.go:67.2,67.10 1 1
github.com/edpryk/buter/cli/headers.go:11.47,13.2 1 1
github.com/edpryk/buter/cli/headers.go:15.43,23.2 5 1
github.com/edpryk/buter/cli/headers.go:25.34,27.16 2 0
github.com/edpryk/buter/cli/headers.go:27.16,29.3 1 0
github.com/edpryk/buter/cli/headers.go:31.2,31.22 1 0
github.com/edpryk/buter/cli/info.go:9.18,15.2 5 0
github.com/edpryk/buter/cli/laod_from_config.go:8.60,12.16 3 0
github.com/edpryk/buter/cli/laod_from_config.go:12.16,14.3 1 0
github.com/edpryk/buter/cli/laod_from_config.go:16.2,21.16 4 0
github.com/edpryk/buter/cli/laod_from_config.go:21.16,23.3 1 0
github.com/edpryk/buter/cli/laod_from_config.go:25.2,27.15 2 0
github.com/edpryk/buter/cli/parse_flags.go:40.32,41.22 1 0
github.com/edpryk/buter/cli/parse_flags.go:41.22,44.3 2 0
github.com/edpryk/buter/cli/parse_flags.go:46.2,82.31 21 0
github.com/edpryk/buter/cli/parse_flags.go:82.31,85.3 2 0
github.com/edpryk/buter/cli/parse_flags.go:87.2,87.46 1 0
github.com/edpryk/buter/cli/parse_flags.go:87.46,91.3 3 0
github.com/edpryk/buter/cli/parse_flags.go:93.2,93.29 1 0
github.com/edpryk/buter/cli/parse_flags.go:93.29,95.17 2 0
github.com/edpryk/buter/cli/parse_flags.go:95.17,96.14 1 0
github.com/edpryk/buter/cli/parse_flags.go:98.3,98.24 1 0
github.com/edpryk/buter/cli/parse_flags.go:99.8,101.3 1 0
github.com/edpryk/buter/cli/parse_flags.go:103.2,103.20 1 0
github.com/edpryk/buter/cli/payload_files.go:5.49,8.2 2 0
github.com/edpryk/buter/cli/payload_files.go:10.41,12.24 2 0
github.com/edpryk/buter/cli/payload_files.go:12.24,14.3 1 0
github.com/edpryk/buter/cli/payload_files.go:15.2,15.10 1 0
github.com/edpryk/buter/cli/pring_config.go:5.37,6.29 1 0
github.com/edpryk/buter/cli/pring_config.go:6.29,8.42 2 0
github.com/edpryk/buter/cli/pring_config.go:8.42,10.4 1 0
github.com/edpryk/buter/cli/pring_config.go:13.2,13.52 1 0
github.com/edpryk/buter/cli/pring_config.go:13.52,16.3 2 0
github.com/edpryk/buter/cli/pring_config.go:22.2,22.34 1 0
github.com/edpryk/buter/cli/print_config_template.go:8.28,28.33 2 0
github.com/edpryk/buter/cli/print_config_template.go:28.33,30.3 1 0
github.com/edpryk/buter/cli/print_config_template.go:32.2,36.16 4 0
github.com/edpryk/buter/cli/print_config_template.go:36.16,37.13 1 0
github.com/edpryk/buter/cli/print_config_template.go:40.2,40.24 1 0
github.com/edpryk/buter/cli/stop.go:15.47,16.62 1 1
github.com/edpryk/buter/cli/stop.go:16.62,19.3 2 0
github.com/edpryk/buter/cli/stop.go:21.2,22.9 2 1
github.com/edpryk/buter/cli/stop.go:22.9,24.3 1 1
github.com/edpryk/buter/cli/stop.go:26.2,26.50 1 1
github.com/edpryk/buter/cli/stop.go:29.43,35.2 5 1
github.com/edpryk/buter/cli/stop.go:37.35,39.16 2 0
github.com/edpryk/buter/cli/stop.go:39.16,40.13 1 0
github.com/edpryk/buter/cli/stop.go:43.2,43.18 1 0
github.com/edpryk/buter/cli/stop.go:46.36,48.2 1 1
github.com/edpryk/buter/cli/usage.go:28.19,49.2 20 0
github.com/edpryk/buter/cli/validate.go:16.42,17.25 1 0
github.com/edpryk/buter/cli/validate.go:17.25,19.3 1 0
github.com/edpryk/buter/cli/validate.go:21.2,21.25 1 0
github.com/edpryk/buter/cli/validate.go:21.25,23.3 1 0
github.com/edpryk/buter/cli/validate.go:24.2,24.64 1 0
github.com/edpryk/buter/cli/validate.go:24.64,26.3 1 0
github.com/edpryk/buter/cli/validate.go:27.2,27.18 1 0
github.com/edpryk/buter/cli/validate.go:27.18,29.3 1 0
github.com/edpryk/buter/cli/validate.go:30.2,30.61 1 0
github.com/edpryk/buter/cli/validate.go:30.61,32.3 1 0
github.com/edpryk/buter/cli/validate.go:33.2,33.53 1 0
github.com/edpryk/buter/cli/validate.go:33.53,35.3 1 0
github.com/edpryk/buter/cli/validate.go:36.2,36.38 1 0
github.com/edpryk/buter/cli/validate.go:36.38,38.3 1 0
github.com/edpryk/buter/cli/validate.go:39.2,39.60 1 0
github.com/edpryk/buter/cli/validate.go:39.60,41.3 1 0
github.com/edpryk/buter/cli/validate.go:43.2,43.12 1 0
github.com/edpryk/buter/internal/buter/builder_payload_list.go:5.82,7.2 1 1
github.com/edpryk/buter/internal/buter/builder_payload_list.go:9.104,10.50 1 1
github.com/edpryk/buter/internal/buter/builder_payload_list.go:10.50,22.3 5 1
github.com/edpryk/buter/internal/buter/builder_payload_list.go:24.2,24.8 1 1
github.com/edpryk/buter/internal/buter/convertor_payload.go:25.44,27.2 1 0
github.com/edpryk/buter/internal/buter/convertor_payload.go:29.44,31.2 1 0
github.com/edpryk/buter/internal/buter/convertor_payload.go:47.124,55.39 6 0
github.com/edpryk/buter/internal/buter/convertor_payload.go:55.39,56.39 1 0
github.com/edpryk/buter/internal/buter/convertor_payload.go:56.39,59.4 2 0
github.com/edpryk/buter/internal/buter/convertor_payload.go:60.3,60.39 1 0
github.com/edpryk/buter/internal/buter/convertor_payload.go:60.39,63.4 2 0
github.com/edpryk/buter/internal/buter/convertor_payload.go:65.3,65.9 1 0
github.com/edpryk/buter/internal/buter/convertor_payload.go:68.2,69.43 2 0
github.com/edpryk/buter/internal/buter/convertor_payload.go:69.43,81.58 4 0
github.com/edpryk/buter/internal/buter/convertor_payload.go:81.58,84.4 2 0
github.com/edpryk/buter/internal/buter/convertor_payload.go:86.3,86.23 1 0
github.com/edpryk/buter/internal/buter/convertor_payload.go:86.23,89.12 3 0
github.com/edpryk/buter/internal/buter/convertor_payload.go:93.2,93.38 1 0
github.com/edpryk/buter/internal/buter/convertor_payload.go:96.108,98.16 2 0
github.com/edpryk/buter/internal/buter/convertor_payload.go:98.16,101.3 2 0
github.com/edpryk/buter/internal/buter/convertor_payload.go:104.2,105.61 2 0
github.com/edpryk/buter/internal/buter/convertor_payload.go:108.85,116.26 3 0
github.com/edpryk/buter/internal/buter/convertor_payload.go:116.26,118.3 1 0
github.com/edpryk/buter/internal/buter/convertor_payload.go:120.2,120.28 1 0
github.com/edpryk/buter/internal/buter/convertor_payload.go:120.28,122.3 1 0
github.com/edpryk/buter/internal/buter/convertor_payload.go:124.2,124.28 1 0
github.com/edpryk/buter/internal/buter/convertor_payload.go:124.28,127.105 2 0
github.com/edpryk/buter/internal/buter/convertor_payload.go:127.105,129.4 1 0
github.com/edpryk/buter/internal/buter/convertor_payload.go:132.2,132.28 1 0
github.com/edpryk/buter/internal/buter/convertor_payload.go:132.28,134.3 1 0
github.com/edpryk/buter/internal/buter/convertor_payload.go:136.2,136.25 1 0
github.com/edpryk/buter/internal/buter/factory_attacks.go:31.59,40.2 2 0
github.com/edpryk/buter/internal/buter/factory_attacks.go:42.48,43.12 1 0
github.com/edpryk/buter/internal/buter/factory_attacks.go:43.12,44.16 1 0
github.com/edpryk/buter/internal/buter/factory_attacks.go:44.16,47.4 2 0
github.com/edpryk/buter/internal/buter/factory_attacks.go:48.3,48.29 1 0
github.com/edpryk/buter/internal/buter/factory_attacks.go:49.26,51.10 2 0
github.com/edpryk/buter/internal/buter/factory_attacks.go:52.25,54.10 2 0
github.com/edpryk/buter/internal/buter/factory_attacks.go:55.22,57.10 2 0
github.com/edpryk/buter/internal/buter/factory_attacks.go:58.28,60.10 2 0
github.com/edpryk/buter/internal/buter/factory_attacks.go:61.11,63.14 2 0
github.com/edpryk/buter/internal/buter/factory_attacks.go:67.2,67.25 1 0
github.com/edpryk/buter/internal/buter/factory_attacks.go:70.119,77.2 4 0
github.com/edpryk/buter/internal/buter/factory_attacks.go:79.51,80.47 1 0
github.com/edpryk/buter/internal/buter/factory_attacks.go:80.47,83.3 1 0
github.com/edpryk/buter/internal/buter/factory_attacks.go:85.2,85.25 1 0
github.com/edpryk/buter/internal/buter/factory_attacks.go:88.46,94.2 1 0
github.com/edpryk/buter/internal/buter/factory_attacks.go:96.49,98.54 2 0
github.com/edpryk/buter/internal/buter/factory_attacks.go:98.54,100.54 1 0
github.com/edpryk/buter/internal/buter/factory_attacks.go:100.54,102.55 2 0
github.com/edpryk/buter/internal/buter/factory_attacks.go:102.55,108.5 1 0
github.com/edpryk/buter/internal/buter/factory_attacks.go:109.4,116.28 5 0
github.com/edpryk/buter/internal/buter/factory_attacks.go:116.28,119.5 2 0
github.com/edpryk/buter/internal/buter/factory_attacks.go:119.10,124.18 2 0
github.com/edpryk/buter/internal/buter/factory_attacks.go:124.18,126.6 1 0
github.com/edpryk/buter/internal/buter/factory_attacks.go:130.5,138.57 6 0
github.com/edpryk/buter/internal/buter/factory_attacks.go:142.3,142.29 1 0
github.com/edpryk/buter/internal/buter/factory_attacks.go:146.47,151.88 1 0
github.com/edpryk/buter/internal/buter/factory_attacks.go:151.88,152.42 1 0
github.com/edpryk/buter/internal/buter/factory_attacks.go:152.42,173.4 5 0
github.com/edpryk/buter/internal/buter/factory_attacks.go:173.9,186.39 3 0
github.com/edpryk/buter/internal/buter/factory_attacks.go:186.39,200.5 3 0
github.com/edpryk/buter/internal/buter/factory_attacks.go:202.4,209.66 3 0
github.com/edpryk/buter/internal/buter/factory_attacks.go:209.66,214.5 4 0
github.com/edpryk/buter/internal/buter/factory_attacks.go:216.4,237.26 5 0
github.com/edpryk/buter/internal/buter/factory_attacks.go:237.26,240.5 2 0
github.com/edpryk/buter/internal/buter/factory_attacks.go:249.4,251.55 3 0
github.com/edpryk/buter/internal/buter/factory_payload.go:47.65,48.12 1 0
github.com/edpryk/buter/internal/buter/factory_payload.go:48.12,55.17 3 0
github.com/edpryk/buter/internal/buter/factory_payload.go:55.17,58.4 2 0
github.com/edpryk/buter/internal/buter/factory_payload.go:60.3,62.46 2 0
github.com/edpryk/buter/internal/buter/factory_payload.go:62.46,63.44 1 0
github.com/edpryk/buter/internal/buter/factory_payload.go:63.44,65.5 1 0
github.com/edpryk/buter/internal/buter/factory_payload.go:68.3,68.45 1 0
github.com/edpryk/buter/internal/buter/factory_payload.go:68.45,70.4 1 0
github.com/edpryk/buter/internal/buter/factory_payload.go:72.3,72.48 1 0
github.com/edpryk/buter/internal/buter/factory_payload.go:72.48,73.44 1 0
github.com/edpryk/buter/internal/buter/factory_payload.go:73.44,77.26 3 0
github.com/edpryk/buter/internal/buter/factory_payload.go:77.26,79.6 1 0
github.com/edpryk/buter/internal/buter/factory_payload.go:83.3,83.42 1 0
github.com/edpryk/buter/internal/buter/factory_payload.go:83.42,85.4 1 0
github.com/edpryk/buter/internal/buter/factory_payload.go:87.3,97.10 2 0
github.com/edpryk/buter/internal/buter/factory_payload.go:98.33,99.10 1 0
github.com/edpryk/buter/internal/buter/factory_payload.go:100.29,102.10 2 0
github.com/edpryk/buter/internal/buter/factory_payload.go:107.48,108.29 1 0
github.com/edpryk/buter/internal/buter/factory_payload.go:108.29,110.3 1 0
github.com/edpryk/buter/internal/buter/factory_payload.go:112.2,117.16 2 0
github.com/edpryk/buter/lib/lists/contain.go:3.52,6.25 2 0
github.com/edpryk/buter/lib/lists/contain.go:6.25,7.17 1 0
github.com/edpryk/buter/lib/lists/contain.go:7.17,9.9 2 0
github.com/edpryk/buter/lib/lists/contain.go:13.2,13.15 1 0
github.com/edpryk/buter/lib/lists/greater.go:3.47,6.28 2 0
github.com/edpryk/buter/lib/lists/greater.go:6.28,7.16 1 0
github.com/edpryk/buter/lib/lists/greater.go:7.16,8.9 1 0
github.com/edpryk/buter/lib/lists/greater.go:11.3,11.28 1 0
github.com/edpryk/buter/lib/lists/greater.go:14.2,14.18 1 0
github.com/edpryk/buter/lib/convert/str_to_key_value.go:11.138,14.29 2 1
github.com/edpryk/buter/lib/convert/str_to_key_value.go:14.29,16.25 2 1
github.com/edpryk/buter/lib/convert/str_to_key_value.go:16.25,17.12 1 0
github.com/edpryk/buter/lib/convert/str_to_key_value.go:20.3,22.68 2 1
github.com/edpryk/buter/lib/convert/str_to_key_value.go:22.68,24.4 1 1
github.com/edpryk/buter/lib/convert/to_string.go:5.38,8.2 2 1
github.com/edpryk/buter/lib/stability/retry.go:15.64,17.31 2 1
github.com/edpryk/buter/lib/stability/retry.go:17.31,21.3 2 1
github.com/edpryk/buter/lib/stability/retry.go:23.2,23.32 1 1
github.com/edpryk/buter/lib/stability/retry.go:23.32,25.3 1 1
github.com/edpryk/buter/lib/stability/retry.go:27.2,27.20 1 1
